<?xml version="1.0" encoding="UTF-8"?>
<!-- Generated by org.testng.reporters.JUnitXMLReporter -->
<testsuite ignored="0" hostname="Harshit_Saxena" failures="0" tests="6" name="OrangeHRM Six Scenarios" time="68.75" errors="0" timestamp="2026-09-20T14:42:31 IST">
  <testcase classname="com.orangehrm.tests.EmployeeLifecycleTest" name="scenario1_Login" time="2.873"/>
  <testcase classname="com.orangehrm.tests.EmployeeLifecycleTest" name="scenario2_AddEmployee" time="9.28"/>
  <testcase classname="com.orangehrm.tests.EmployeeLifecycleTest" name="scenario3_EditEmployee" time="8.218"/>
  <testcase classname="com.orangehrm.tests.EmployeeLifecycleTest" name="scenario4_ApiValidation" time="7.437"/>
  <testcase classname="com.orangehrm.tests.EmployeeLifecycleTest" name="scenario5_DeleteEmployee" time="24.058"/>
  <testcase classname="com.orangehrm.tests.EmployeeLifecycleTest" name="scenario6_Logout" time="1.754"/>
</testsuite> <!-- OrangeHRM Six Scenarios -->
